<?xml version="1.0" encoding="UTF-8"?><testsuite failures="0" name="cucumber.runtime.formatter.JUnitFormatter" skipped="0" tests="2" time="20.27709">
<testcase classname="HelloKitty test" name="read primary text from text area" time="7.332589">
<system-out><![CDATA[Given I am on HelloKitty application main page..............................passed
Then I see "Large Text".....................................................passed
]]></system-out>
</testcase>
<testcase classname="HelloKitty test" name="put the text, click the button, get text &quot;hello [entered text]&quot;" time="12.944501">
<system-out><![CDATA[Given I am on HelloKitty application main page..............................passed
And I type "Andrey".........................................................passed
When I press the button.....................................................passed
Then I see "Hello, Andrey"..................................................passed
]]></system-out>
</testcase>
</testsuite>
